{
  "RSpec": {
    "coverage": {
      "/Users/declan/Actualize/crm_api_testing/app/models/admin.rb": [
        1,
        null,
        null,
        1,
        null,
        null,
        1,
        1,
        null,
        1,
        14,
        14,
        14,
        14,
        14,
        null,
        null
      ],
      "/Users/declan/Actualize/crm_api_testing/app/models/application_record.rb": [
        1,
        1,
        null
      ],
      "/Users/declan/Actualize/crm_api_testing/app/helpers/application_helper.rb": [
        1,
        null
      ],
      "/Users/declan/Actualize/crm_api_testing/app/helpers/daily_progress_logs_helper.rb": [
        1,
        null
      ],
      "/Users/declan/Actualize/crm_api_testing/app/helpers/leads_helper.rb": [
        1,
        1,
        0,
        null,
        0,
        0,
        null,
        0,
        null,
        null,
        null
      ],
      "/Users/declan/Actualize/crm_api_testing/app/helpers/outreaches_helper.rb": [
        1,
        null
      ],
      "/Users/declan/Actualize/crm_api_testing/app/helpers/settings_helper.rb": [
        1,
        null
      ],
      "/Users/declan/Actualize/crm_api_testing/app/helpers/webhooks_helper.rb": [
        1,
        null
      ],
      "/Users/declan/Actualize/crm_api_testing/app/controllers/settings_controller.rb": [
        1,
        1,
        1,
        1,
        0,
        null,
        1,
        null,
        null,
        1,
        2,
        2,
        2,
        2,
        1,
        1,
        null,
        1,
        null,
        null,
        null,
        1,
        0,
        null,
        null
      ],
      "/Users/declan/Actualize/crm_api_testing/app/controllers/application_controller.rb": [
        1,
        1,
        null
      ],
      "/Users/declan/Actualize/crm_api_testing/app/models/event.rb": [
        1,
        1,
        null
      ],
      "/Users/declan/Actualize/crm_api_testing/app/models/lead.rb": [
        1,
        1,
        1,
        null,
        1,
        null,
        1,
        null,
        null,
        null,
        null,
        1,
        null,
        null,
        null,
        null,
        null,
        null,
        null,
        null,
        null,
        0,
        null,
        null,
        null,
        1,
        0,
        0,
        null,
        null,
        null,
        null,
        null,
        null,
        1,
        0,
        null,
        null,
        1,
        0,
        0,
        0,
        null,
        null,
        1,
        null,
        null,
        1,
        0,
        null,
        null,
        1,
        0,
        null,
        null,
        1,
        0,
        null,
        null,
        null,
        1,
        0,
        null,
        null,
        1,
        null,
        1,
        13,
        13,
        null,
        null,
        null,
        0,
        null,
        null,
        1,
        null,
        0,
        null,
        null
      ],
      "/Users/declan/Actualize/crm_api_testing/app/models/outreach.rb": [
        1,
        1,
        null,
        1,
        null
      ],
      "/Users/declan/Actualize/crm_api_testing/app/models/setting.rb": [
        1,
        1,
        null
      ],
      "/Users/declan/Actualize/crm_api_testing/app/models/daily_progress_log.rb": [
        1,
        1,
        null
      ],
      "/Users/declan/Actualize/crm_api_testing/app/mailers/welcome_mailer.rb": [
        0,
        0,
        null,
        0,
        0,
        0,
        0,
        0,
        0
      ],
      "/Users/declan/Actualize/crm_api_testing/app/mailers/application_mailer.rb": [
        0,
        0,
        0,
        0
      ],
      "/Users/declan/Actualize/crm_api_testing/app/mailers/calendar_invites_mailer.rb": [
        0,
        0,
        0,
        0,
        0,
        0,
        0,
        0,
        0,
        null,
        0,
        0,
        0,
        null,
        0,
        0,
        null,
        0,
        null,
        0,
        0,
        0,
        0,
        null,
        0,
        null,
        0,
        null,
        null,
        null,
        null,
        0,
        0,
        0,
        null,
        null,
        0,
        null,
        0,
        0,
        0
      ],
      "/Users/declan/Actualize/crm_api_testing/app/jobs/application_job.rb": [
        0,
        0
      ],
      "/Users/declan/Actualize/crm_api_testing/app/controllers/daily_progress_logs_controller.rb": [
        0,
        0,
        null,
        0,
        0,
        0,
        0,
        0,
        0,
        0,
        null,
        0,
        0,
        0,
        0,
        0,
        0,
        0
      ],
      "/Users/declan/Actualize/crm_api_testing/app/controllers/leads_controller.rb": [
        0,
        0,
        0,
        0,
        null,
        0,
        0,
        0,
        null,
        0,
        0,
        null,
        null,
        null,
        null,
        null,
        0,
        0,
        0,
        0,
        0,
        0,
        0,
        0,
        0,
        0,
        null,
        0,
        0,
        0,
        0,
        null,
        0,
        0,
        0,
        0,
        0,
        null,
        0,
        0,
        null,
        null,
        0,
        0,
        0,
        0,
        0,
        0,
        0,
        0,
        0,
        0,
        0,
        null,
        0,
        0,
        0,
        0,
        0,
        0,
        0,
        0,
        0,
        0,
        0,
        0,
        0,
        0,
        0,
        0,
        0,
        null,
        null,
        null,
        0,
        0,
        0,
        null,
        0,
        0,
        0,
        null,
        0,
        0,
        null,
        null,
        null,
        null,
        0,
        0,
        0,
        0,
        0,
        null,
        null,
        0,
        0,
        0,
        0,
        0,
        0,
        0,
        0,
        0,
        0,
        null,
        0,
        0,
        null,
        null,
        0,
        0,
        0,
        0,
        0,
        0,
        0,
        null,
        0,
        0,
        null,
        null,
        0,
        0,
        0,
        0,
        0,
        0,
        0,
        0,
        0,
        0,
        0,
        0,
        0,
        0,
        0,
        null,
        0,
        0,
        null,
        0,
        null,
        0,
        0,
        0,
        0
      ],
      "/Users/declan/Actualize/crm_api_testing/app/controllers/webhooks_controller.rb": [
        0,
        null,
        null,
        null,
        null,
        null,
        null,
        null,
        0,
        0,
        0,
        0,
        null,
        0,
        0,
        0,
        0,
        null,
        0,
        0,
        null,
        null,
        0,
        null,
        null,
        0,
        0,
        0,
        0,
        null,
        null,
        null,
        0,
        null,
        null,
        null,
        0,
        null,
        null,
        0,
        0,
        0,
        0,
        0,
        0,
        0,
        null,
        0
      ],
      "/Users/declan/Actualize/crm_api_testing/app/controllers/api/v1/leads_controller.rb": [
        0,
        null,
        0,
        0,
        0,
        0,
        null,
        0,
        0,
        0,
        0,
        null,
        0,
        null,
        null,
        null,
        null,
        null,
        null,
        null,
        0,
        0,
        0,
        0,
        0,
        0,
        0,
        0,
        0,
        0,
        0,
        0,
        0,
        0,
        null,
        0
      ],
      "/Users/declan/Actualize/crm_api_testing/app/controllers/outreaches_controller.rb": [
        0,
        0
      ],
      "/Users/declan/Actualize/crm_api_testing/app/channels/application_cable/connection.rb": [
        0,
        0,
        0,
        0
      ],
      "/Users/declan/Actualize/crm_api_testing/app/channels/application_cable/channel.rb": [
        0,
        0,
        0,
        0
      ]
    },
    "timestamp": 1524531180
  }
}
